#
# There is insufficient memory for the Java Runtime Environment to continue.
# Native memory allocation (malloc) failed to allocate 1048576 bytes for AllocateHeap
# Possible reasons:
#   The system is out of physical RAM or swap space
#   The process is running with CompressedOops enabled, and the Java Heap may be blocking the growth of the native heap
# Possible solutions:
#   Reduce memory load on the system
#   Increase physical memory or swap space
#   Check if swap backing store is full
#   Decrease Java heap size (-Xmx/-Xms)
#   Decrease number of Java threads
#   Decrease Java thread stack sizes (-Xss)
#   Set larger code cache with -XX:ReservedCodeCacheSize=
#   JVM is running with Unscaled Compressed Oops mode in which the Java heap is
#     placed in the first 4GB address space. The Java Heap base address is the
#     maximum limit for the native heap growth. Please use -XX:HeapBaseMinAddress
#     to set the Java Heap base and to place the Java Heap above 4GB virtual address.
# This output file may be truncated or incomplete.
#
#  Out of Memory Error (t:/workspace/open/src/hotspot/share/memory/allocation.cpp:45), pid=17884, tid=17424
#
# JRE version:  (13.0.1+9) (build )
# Java VM: Java HotSpot(TM) 64-Bit Server VM (13.0.1+9, mixed mode, aot, sharing, tiered, compressed oops, g1 gc, windows-amd64)
# No core dump will be written. Minidumps are not enabled by default on client versions of Windows
#

---------------  S U M M A R Y ------------

Command Line: -Dfile.encoding=Cp1252 Lab4.Assignment4

Host: Intel(R) Core(TM) i3-7100U CPU @ 2.40GHz, 4 cores, 3G,  Windows 10 , 64 bit Build 18362 (10.0.18362.329)
Time: Fri Feb  7 10:58:31 2020  elapsed time: 0 seconds (0d 0h 0m 0s)

---------------  T H R E A D  ---------------

Current thread (0x0000024670f21800):  JavaThread "Unknown thread" [_thread_in_vm, id=17424, stack(0x000000bdd2a00000,0x000000bdd2b00000)]

Stack: [0x000000bdd2a00000,0x000000bdd2b00000]
Native frames: (J=compiled Java code, j=interpreted, Vv=VM code, C=native code)
V  [jvm.dll+0x626eca]
V  [jvm.dll+0x772c6a]
V  [jvm.dll+0x77441f]
V  [jvm.dll+0x774a23]
V  [jvm.dll+0x24da58]
V  [jvm.dll+0xbaa2f]
V  [jvm.dll+0x2e2e9d]
V  [jvm.dll+0x74fcc8]
V  [jvm.dll+0x363739]
V  [jvm.dll+0x732dc5]
V  [jvm.dll+0x3ce2ef]
V  [jvm.dll+0x3d0611]
C  [jli.dll+0x51ff]
C  [ucrtbase.dll+0x20e72]
C  [KERNEL32.DLL+0x17bd4]
C  [ntdll.dll+0x6ced1]


---------------  P R O C E S S  ---------------

Threads class SMR info:
_java_thread_list=0x00007ffe542746b8, length=0, elements={
}

Java Threads: ( => current thread )

Other Threads:

[error occurred during error reporting (printing all threads), id 0xc0000005, EXCEPTION_ACCESS_VIOLATION (0xc0000005) at pc=0x00007ffe53ee7e17]

VM state:not at safepoint (not fully initialized)

VM Mutex/Monitor currently owned by a thread: None


[error occurred during error reporting (printing compressed oops mode), id 0xc0000005, EXCEPTION_ACCESS_VIOLATION (0xc0000005) at pc=0x00007ffe539d3d77]

GC Heap History (0 events):
No events

Deoptimization events (0 events):
No events

Classes unloaded (0 events):
No events

Classes redefined (0 events):
No events

Internal exceptions (0 events):
No events

Events (8 events):
Event: 0.196 Loaded shared library C:\Program Files\Java\jdk-13.0.1\bin\zip.dll
Event: 0.198 Loaded shared library C:\Program Files\Java\jdk-13.0.1\bin\jimage.dll
Event: 0.201 Loading shared library C:\Program Files\Java\jdk-13.0.1\lib\libjava.base-coop.dll failed, error code 126
Event: 0.201 Loading shared library C:\Program Files\Java\jdk-13.0.1\lib\libjava.logging-coop.dll failed, error code 126
Event: 0.201 Loading shared library C:\Program Files\Java\jdk-13.0.1\lib\libjdk.compiler-coop.dll failed, error code 126
Event: 0.202 Loading shared library C:\Program Files\Java\jdk-13.0.1\lib\libjdk.scripting.nashorn-coop.dll failed, error code 126
Event: 0.202 Loading shared library C:\Program Files\Java\jdk-13.0.1\lib\libjdk.internal.vm.ci-coop.dll failed, error code 126
Event: 0.202 Loading shared library C:\Program Files\Java\jdk-13.0.1\lib\libjdk.internal.vm.compiler-coop.dll failed, error code 126


Dynamic libraries:
0x00007ff76a270000 - 0x00007ff76a27f000 	C:\Program Files\Java\jdk-13.0.1\bin\javaw.exe
0x00007ffe8a420000 - 0x00007ffe8a610000 	C:\WINDOWS\SYSTEM32\ntdll.dll
0x00007ffe685c0000 - 0x00007ffe685d4000 	C:\Program Files\AVAST Software\Avast\aswhook.dll
0x00007ffe89700000 - 0x00007ffe897b2000 	C:\WINDOWS\System32\KERNEL32.DLL
0x00007ffe87be0000 - 0x00007ffe87e83000 	C:\WINDOWS\System32\KERNELBASE.dll
0x00007ffe88210000 - 0x00007ffe8830a000 	C:\WINDOWS\System32\ucrtbase.dll
0x00007ffe685a0000 - 0x00007ffe685b8000 	C:\Program Files\Java\jdk-13.0.1\bin\jli.dll
0x00007ffe89860000 - 0x00007ffe89903000 	C:\WINDOWS\System32\ADVAPI32.dll
0x00007ffe8a340000 - 0x00007ffe8a3de000 	C:\WINDOWS\System32\msvcrt.dll
0x00007ffe88ca0000 - 0x00007ffe88d37000 	C:\WINDOWS\System32\sechost.dll
0x00007ffe8a220000 - 0x00007ffe8a340000 	C:\WINDOWS\System32\RPCRT4.dll
0x00007ffe89a70000 - 0x00007ffe89c04000 	C:\WINDOWS\System32\USER32.dll
0x00007ffe87e90000 - 0x00007ffe87eb1000 	C:\WINDOWS\System32\win32u.dll
0x00007ffe897d0000 - 0x00007ffe897f6000 	C:\WINDOWS\System32\GDI32.dll
0x00007ffe87ec0000 - 0x00007ffe88054000 	C:\WINDOWS\System32\gdi32full.dll
0x00007ffe88060000 - 0x00007ffe880fe000 	C:\WINDOWS\System32\msvcp_win.dll
0x00007ffe5e860000 - 0x00007ffe5e875000 	C:\Program Files\Java\jdk-13.0.1\bin\VCRUNTIME140.dll
0x00007ffe85f40000 - 0x00007ffe861c5000 	C:\WINDOWS\WinSxS\amd64_microsoft.windows.common-controls_6595b64144ccf1df_6.0.18362.592_none_e6c0b1911312be02\COMCTL32.dll
0x00007ffe88550000 - 0x00007ffe88886000 	C:\WINDOWS\System32\combase.dll
0x00007ffe873b0000 - 0x00007ffe87430000 	C:\WINDOWS\System32\bcryptPrimitives.dll
0x00007ffe7cf20000 - 0x00007ffe7cf2a000 	C:\WINDOWS\SYSTEM32\VERSION.dll
0x00007ffe8a1f0000 - 0x00007ffe8a21e000 	C:\WINDOWS\System32\IMM32.DLL
0x00007ffe590a0000 - 0x00007ffe5913b000 	C:\Program Files\Java\jdk-13.0.1\bin\msvcp140.dll
0x00007ffe537b0000 - 0x00007ffe54316000 	C:\Program Files\Java\jdk-13.0.1\bin\server\jvm.dll
0x00007ffe88c90000 - 0x00007ffe88c98000 	C:\WINDOWS\System32\PSAPI.DLL
0x00007ffe78cc0000 - 0x00007ffe78cc9000 	C:\WINDOWS\SYSTEM32\WSOCK32.dll
0x00007ffe8a080000 - 0x00007ffe8a0ef000 	C:\WINDOWS\System32\WS2_32.dll
0x00007ffe83c70000 - 0x00007ffe83c94000 	C:\WINDOWS\SYSTEM32\WINMM.dll
0x00007ffe83c40000 - 0x00007ffe83c6d000 	C:\WINDOWS\SYSTEM32\WINMMBASE.dll
0x00007ffe88310000 - 0x00007ffe8835a000 	C:\WINDOWS\System32\cfgmgr32.dll
0x00007ffe87300000 - 0x00007ffe87311000 	C:\WINDOWS\System32\kernel.appcore.dll
0x00007ffe80840000 - 0x00007ffe80850000 	C:\Program Files\Java\jdk-13.0.1\bin\verify.dll
0x00007ffe86e10000 - 0x00007ffe87004000 	C:\WINDOWS\SYSTEM32\DBGHELP.DLL
0x00007ffe863a0000 - 0x00007ffe863ca000 	C:\WINDOWS\SYSTEM32\dbgcore.DLL
0x00007ffe5aa40000 - 0x00007ffe5aa66000 	C:\Program Files\Java\jdk-13.0.1\bin\java.dll
0x00007ffe4f3a0000 - 0x00007ffe4f3b7000 	C:\Program Files\Java\jdk-13.0.1\bin\zip.dll
0x00007ffe6cda0000 - 0x00007ffe6cdaa000 	C:\Program Files\Java\jdk-13.0.1\bin\jimage.dll

dbghelp: loaded successfully - version: 4.0.5 - missing functions: none
symbol engine: initialized successfully - sym options: 0x614 - pdb path: .;C:\Program Files\Java\jdk-13.0.1\bin;C:\WINDOWS\SYSTEM32;C:\Program Files\AVAST Software\Avast;C:\WINDOWS\WinSxS\amd64_microsoft.windows.common-controls_6595b64144ccf1df_6.0.18362.592_none_e6c0b1911312be02;C:\Program Files\Java\jdk-13.0.1\bin\server

VM Arguments:
jvm_args: -Dfile.encoding=Cp1252 
java_command: Lab4.Assignment4
java_class_path (initial): C:\Users\Artur\Documents\Java\Lab
Launcher Type: SUN_STANDARD

[Global flags]
     intx CICompilerCount                          = 3                                         {product} {ergonomic}
     uint G1ConcRefinementThreads                  = 4                                         {product} {ergonomic}
   size_t G1HeapRegionSize                         = 1048576                                   {product} {ergonomic}
    uintx GCDrainStackTargetSize                   = 64                                        {product} {ergonomic}
   size_t InitialHeapSize                          = 67108864                                  {product} {ergonomic}
   size_t MaxHeapSize                              = 1044381696                                {product} {ergonomic}
   size_t MinHeapDeltaBytes                        = 1048576                                   {product} {ergonomic}
   size_t MinHeapSize                              = 8388608                                   {product} {ergonomic}
    uintx NonNMethodCodeHeapSize                   = 5830732                                {pd product} {ergonomic}
    uintx NonProfiledCodeHeapSize                  = 122913754                              {pd product} {ergonomic}
    uintx ProfiledCodeHeapSize                     = 122913754                              {pd product} {ergonomic}
    uintx ReservedCodeCacheSize                    = 251658240                              {pd product} {ergonomic}
     bool SegmentedCodeCache                       = true                                      {product} {ergonomic}
   size_t SoftMaxHeapSize                          = 1044381696                             {manageable} {ergonomic}
     bool UseCompressedClassPointers               = true                                 {lp64_product} {ergonomic}
     bool UseCompressedOops                        = true                                 {lp64_product} {ergonomic}
     bool UseG1GC                                  = true                                      {product} {ergonomic}
     bool UseLargePagesIndividualAllocation        = false                                  {pd product} {ergonomic}

Logging:
Log output configuration:
 #0: stdout all=warning uptime,level,tags
 #1: stderr all=off uptime,level,tags

Environment Variables:
PATH=C:/Program Files/Java/jdk-13.0.1/bin/server;C:/Program Files/Java/jdk-13.0.1/bin;C:\Program Files (x86)\Common Files\Oracle\Java\javapath;C:\Program Files (x86)\Intel\iCLS Client\;C:\Program Files\Intel\iCLS Client\;C:\Windows\system32;C:\Windows;C:\Windows\System32\Wbem;C:\Windows\System32\WindowsPowerShell\v1.0\;C:\Program Files (x86)\NVIDIA Corporation\PhysX\Common;C:\Program Files (x86)\Intel\Intel(R) Management Engine Components\DAL;C:\Program Files\Intel\Intel(R) Management Engine Components\DAL;C:\Program Files (x86)\Intel\Intel(R) Management Engine Components\IPT;C:\Program Files\Intel\Intel(R) Management Engine Components\IPT;C:\WINDOWS\system32;C:\WINDOWS;C:\WINDOWS\System32\Wbem;C:\WINDOWS\System32\WindowsPowerShell\v1.0\;C:\WINDOWS\System32\OpenSSH\;C:\Program Files\PuTTY\;C:\Program Files\dotnet\;C:\Users\Artur\AppData\Local\Programs\Python\Python36-32\Scripts\;C:\Users\Artur\AppData\Local\Programs\Python\Python36-32\;C:\Users\Artur\AppData\Local\Microsoft\WindowsApps;;C:\Program Files\JetBrains\IntelliJ IDEA 2019.2.3\bin;;C:\Users\Artur\Desktop;
USERNAME=Artur
OS=Windows_NT
PROCESSOR_IDENTIFIER=Intel64 Family 6 Model 142 Stepping 9, GenuineIntel



---------------  S Y S T E M  ---------------

OS: Windows 10 , 64 bit Build 18362 (10.0.18362.329)

CPU:total 4 (initial active 4) (2 cores per cpu, 2 threads per core) family 6 model 142 stepping 9, cmov, cx8, fxsr, mmx, sse, sse2, sse3, ssse3, sse4.1, sse4.2, popcnt, avx, avx2, aes, clmul, erms, 3dnowpref, lzcnt, ht, tsc, tscinvbit, bmi1, bmi2, adx, fma

Memory: 4k page, system-wide physical 3979M (520M free)
TotalPageFile size 16267M (AvailPageFile size 47M)
current process WorkingSet (physical memory assigned to process): 9M, peak: 9M
current process commit charge ("private bytes"): 13M, peak: 14M

vm_info: Java HotSpot(TM) 64-Bit Server VM (13.0.1+9) for windows-amd64 JRE (13.0.1+9), built on Oct  6 2019 12:37:49 by "mach5one" with unknown MS VC++:1916

END.
